<?xml version="1.0" encoding="UTF-8"?>
<!-- Generated by org.testng.reporters.JUnitXMLReporter -->
<testsuite ignored="0" hostname="DESKTOP-S560C7B" failures="0" tests="1" name="Command line test" time="65.067" errors="0" timestamp="05 Feb 2020 12:06:53 GMT">
  <testcase classname="testscripts.JqueryTest" name="@AfterClass tearDown" time="0.002">
    <failure type="java.lang.IllegalArgumentException" message="wrong number of arguments">
      <![CDATA[java.lang.IllegalArgumentException: wrong number of arguments
... Removed 34 stack frames]]>
    </failure>
  </testcase> <!-- @AfterClass tearDown -->
  <testcase classname="testscripts.JqueryTest" name="JqueryClicking" time="57.332"/>
</testsuite> <!-- Command line test -->
